2013-08-01 16:31:42.361 Moteio[30022:c07] Multi-tasking -> Device: YES, App: YES
2013-08-01 16:31:42.719 Moteio[30022:c07] Resetting plugins due to page load.
2013-08-01 16:31:42.788 Moteio[30022:c07] Finished load of: file:///Users/Jennings/Library/Application%20Support/iPhone%20Simulator/6.1/Applications/06A28E66-2F18-4CD8-96F1-923455FE0BED/Moteio.app/www/index.html
2013-08-01 16:31:42.790 Moteio[30022:c07] Resetting plugins due to page load.
2013-08-01 16:32:02.411 Moteio[30514:c07] Multi-tasking -> Device: YES, App: YES
2013-08-01 16:32:02.452 Moteio[30514:c07] Resetting plugins due to page load.
2013-08-01 16:32:02.486 Moteio[30514:c07] Finished load of: file:///Users/Jennings/Library/Application%20Support/iPhone%20Simulator/6.1/Applications/06A28E66-2F18-4CD8-96F1-923455FE0BED/Moteio.app/www/index.html
2013-08-01 16:32:02.489 Moteio[30514:c07] Resetting plugins due to page load.
2013-08-01 16:32:02.982 Moteio[30514:c07] Finished load of: file:///Users/Jennings/Library/Application%20Support/iPhone%20Simulator/6.1/Applications/06A28E66-2F18-4CD8-96F1-923455FE0BED/Moteio.app/www/main.html
2013-08-01 16:33:11.239 Moteio[30514:c07] CDVWebViewDelegate: Navigation started when state=1
2013-08-01 16:33:11.241 Moteio[30514:c07] Failed to load webpage with error: CDVWebViewDelegate: Navigation started when state=1
2013-08-01 16:33:11.243 Moteio[30514:c07] Resetting plugins due to page load.
2013-08-01 16:33:12.251 Moteio[30514:c07] Finished load of: https://mote.io/register
2013-08-01 16:36:42.558 Moteio[32886:c07] Multi-tasking -> Device: YES, App: YES
2013-08-01 16:36:42.617 Moteio[32886:c07] Resetting plugins due to page load.
2013-08-01 16:36:42.673 Moteio[32886:c07] Finished load of: file:///Users/Jennings/Library/Application%20Support/iPhone%20Simulator/6.1/Applications/06A28E66-2F18-4CD8-96F1-923455FE0BED/Moteio.app/www/index.html
2013-08-01 16:36:42.679 Moteio[32886:c07] Resetting plugins due to page load.
2013-08-01 16:36:43.058 Moteio[32886:c07] Finished load of: file:///Users/Jennings/Library/Application%20Support/iPhone%20Simulator/6.1/Applications/06A28E66-2F18-4CD8-96F1-923455FE0BED/Moteio.app/www/main.html
2013-08-01 16:47:00.808 Moteio[37548:c07] Multi-tasking -> Device: YES, App: YES
2013-08-01 16:47:00.843 Moteio[37548:c07] Resetting plugins due to page load.
2013-08-01 16:47:00.875 Moteio[37548:c07] Finished load of: file:///Users/Jennings/Library/Application%20Support/iPhone%20Simulator/6.1/Applications/06A28E66-2F18-4CD8-96F1-923455FE0BED/Moteio.app/www/index.html
2013-08-01 16:47:00.877 Moteio[37548:c07] Resetting plugins due to page load.
2013-08-01 16:47:05.536 Moteio[37548:c07] Finished load of: file:///Users/Jennings/Library/Application%20Support/iPhone%20Simulator/6.1/Applications/06A28E66-2F18-4CD8-96F1-923455FE0BED/Moteio.app/www/main.html
2013-08-01 16:49:21.092 Moteio[38870:c07] Multi-tasking -> Device: YES, App: YES
2013-08-01 16:49:21.183 Moteio[38870:c07] Resetting plugins due to page load.
2013-08-01 16:49:21.215 Moteio[38870:c07] Finished load of: file:///Users/Jennings/Library/Application%20Support/iPhone%20Simulator/6.1/Applications/06A28E66-2F18-4CD8-96F1-923455FE0BED/Moteio.app/www/index.html
2013-08-01 16:49:21.217 Moteio[38870:c07] Resetting plugins due to page load.
2013-08-01 16:49:27.717 Moteio[38870:c07] Finished load of: file:///Users/Jennings/Library/Application%20Support/iPhone%20Simulator/6.1/Applications/06A28E66-2F18-4CD8-96F1-923455FE0BED/Moteio.app/www/main.html
2013-08-01 16:50:27.525 Moteio[39700:c07] Multi-tasking -> Device: YES, App: YES
2013-08-01 16:50:27.562 Moteio[39700:c07] Resetting plugins due to page load.
2013-08-01 16:51:05.983 Moteio[39700:2703] void SendDelegateMessage(NSInvocation *): delegate (webView:runJavaScriptAlertPanelWithMessage:initiatedByFrame:) failed to return after waiting 10 seconds. main run loop mode: kCFRunLoopDefaultMode
2013-08-01 16:51:05.989 Moteio[39700:c07] Finished load of: file:///Users/Jennings/Library/Application%20Support/iPhone%20Simulator/6.1/Applications/06A28E66-2F18-4CD8-96F1-923455FE0BED/Moteio.app/www/index.html
2013-08-01 16:51:05.992 Moteio[39700:c07] Resetting plugins due to page load.
2013-08-01 16:51:06.499 Moteio[39700:c07] Finished load of: file:///Users/Jennings/Library/Application%20Support/iPhone%20Simulator/6.1/Applications/06A28E66-2F18-4CD8-96F1-923455FE0BED/Moteio.app/www/main.html
2013-08-01 16:51:51.081 Moteio[40642:c07] Multi-tasking -> Device: YES, App: YES
2013-08-01 16:51:51.160 Moteio[40642:c07] Resetting plugins due to page load.
2013-08-01 16:51:52.642 Moteio[40642:c07] Finished load of: file:///Users/Jennings/Library/Application%20Support/iPhone%20Simulator/6.1/Applications/06A28E66-2F18-4CD8-96F1-923455FE0BED/Moteio.app/www/index.html
2013-08-01 16:51:52.644 Moteio[40642:c07] Resetting plugins due to page load.
2013-08-01 16:51:53.054 Moteio[40642:c07] Finished load of: file:///Users/Jennings/Library/Application%20Support/iPhone%20Simulator/6.1/Applications/06A28E66-2F18-4CD8-96F1-923455FE0BED/Moteio.app/www/main.html
2013-08-01 16:52:25.219 Moteio[41231:c07] Multi-tasking -> Device: YES, App: YES
2013-08-01 16:52:25.388 Moteio[41231:c07] Resetting plugins due to page load.
2013-08-01 16:52:33.258 Moteio[41231:c07] Finished load of: file:///Users/Jennings/Library/Application%20Support/iPhone%20Simulator/6.1/Applications/06A28E66-2F18-4CD8-96F1-923455FE0BED/Moteio.app/www/index.html
2013-08-01 16:52:33.260 Moteio[41231:c07] Resetting plugins due to page load.
2013-08-01 16:52:33.664 Moteio[41231:c07] Finished load of: file:///Users/Jennings/Library/Application%20Support/iPhone%20Simulator/6.1/Applications/06A28E66-2F18-4CD8-96F1-923455FE0BED/Moteio.app/www/main.html
2013-08-01 16:53:45.237 Moteio[42146:c07] Multi-tasking -> Device: YES, App: YES
2013-08-01 16:53:45.308 Moteio[42146:c07] Resetting plugins due to page load.
2013-08-01 16:53:46.833 Moteio[42146:c07] Finished load of: file:///Users/Jennings/Library/Application%20Support/iPhone%20Simulator/6.1/Applications/06A28E66-2F18-4CD8-96F1-923455FE0BED/Moteio.app/www/index.html
2013-08-01 16:53:46.836 Moteio[42146:c07] Resetting plugins due to page load.
2013-08-01 16:53:47.312 Moteio[42146:c07] Finished load of: file:///Users/Jennings/Library/Application%20Support/iPhone%20Simulator/6.1/Applications/06A28E66-2F18-4CD8-96F1-923455FE0BED/Moteio.app/www/main.html
2013-08-01 16:54:17.846 Moteio[42725:c07] Multi-tasking -> Device: YES, App: YES
2013-08-01 16:54:17.913 Moteio[42725:c07] Resetting plugins due to page load.
2013-08-01 17:03:50.999 Moteio[47321:c07] Multi-tasking -> Device: YES, App: YES
2013-08-01 17:03:51.036 Moteio[47321:c07] Resetting plugins due to page load.
2013-08-01 17:04:24.432 Moteio[47321:2803] void SendDelegateMessage(NSInvocation *): delegate (webView:runJavaScriptAlertPanelWithMessage:initiatedByFrame:) failed to return after waiting 10 seconds. main run loop mode: kCFRunLoopDefaultMode
2013-08-01 17:04:24.438 Moteio[47321:c07] Finished load of: file:///Users/Jennings/Library/Application%20Support/iPhone%20Simulator/6.1/Applications/06A28E66-2F18-4CD8-96F1-923455FE0BED/Moteio.app/www/index.html
2013-08-01 17:04:24.440 Moteio[47321:c07] Resetting plugins due to page load.
2013-08-01 17:04:24.849 Moteio[47321:c07] Finished load of: file:///Users/Jennings/Library/Application%20Support/iPhone%20Simulator/6.1/Applications/06A28E66-2F18-4CD8-96F1-923455FE0BED/Moteio.app/www/main.html
2013-08-01 17:05:02.977 Moteio[48185:c07] Multi-tasking -> Device: YES, App: YES
2013-08-01 17:05:03.015 Moteio[48185:c07] Resetting plugins due to page load.
2013-08-01 17:05:10.645 Moteio[48185:c07] Finished load of: file:///Users/Jennings/Library/Application%20Support/iPhone%20Simulator/6.1/Applications/06A28E66-2F18-4CD8-96F1-923455FE0BED/Moteio.app/www/index.html
2013-08-01 17:05:10.646 Moteio[48185:c07] Resetting plugins due to page load.
2013-08-01 17:05:11.141 Moteio[48185:c07] Finished load of: file:///Users/Jennings/Library/Application%20Support/iPhone%20Simulator/6.1/Applications/06A28E66-2F18-4CD8-96F1-923455FE0BED/Moteio.app/www/main.html
2013-08-01 17:07:22.361 Moteio[49514:c07] Multi-tasking -> Device: YES, App: YES
2013-08-01 17:07:22.439 Moteio[49514:c07] Resetting plugins due to page load.
2013-08-01 17:07:34.912 Moteio[49514:2703] void SendDelegateMessage(NSInvocation *): delegate (webView:runJavaScriptAlertPanelWithMessage:initiatedByFrame:) failed to return after waiting 10 seconds. main run loop mode: kCFRunLoopDefaultMode
2013-08-01 17:07:34.918 Moteio[49514:c07] Finished load of: file:///Users/Jennings/Library/Application%20Support/iPhone%20Simulator/6.1/Applications/06A28E66-2F18-4CD8-96F1-923455FE0BED/Moteio.app/www/index.html
2013-08-01 17:07:34.919 Moteio[49514:c07] Resetting plugins due to page load.
2013-08-01 17:07:35.325 Moteio[49514:c07] Finished load of: file:///Users/Jennings/Library/Application%20Support/iPhone%20Simulator/6.1/Applications/06A28E66-2F18-4CD8-96F1-923455FE0BED/Moteio.app/www/main.html
2013-08-01 17:08:02.062 Moteio[50157:c07] Multi-tasking -> Device: YES, App: YES
2013-08-01 17:08:02.138 Moteio[50157:c07] Resetting plugins due to page load.
2013-08-01 17:08:06.553 Moteio[50157:c07] Finished load of: file:///Users/Jennings/Library/Application%20Support/iPhone%20Simulator/6.1/Applications/06A28E66-2F18-4CD8-96F1-923455FE0BED/Moteio.app/www/index.html
2013-08-01 17:08:06.555 Moteio[50157:c07] Resetting plugins due to page load.
2013-08-01 17:08:06.941 Moteio[50157:c07] Finished load of: file:///Users/Jennings/Library/Application%20Support/iPhone%20Simulator/6.1/Applications/06A28E66-2F18-4CD8-96F1-923455FE0BED/Moteio.app/www/main.html
2013-08-01 17:09:34.285 Moteio[51164:c07] Multi-tasking -> Device: YES, App: YES
2013-08-01 17:09:34.359 Moteio[51164:c07] Resetting plugins due to page load.
2013-08-01 17:09:41.041 Moteio[51164:c07] Finished load of: file:///Users/Jennings/Library/Application%20Support/iPhone%20Simulator/6.1/Applications/06A28E66-2F18-4CD8-96F1-923455FE0BED/Moteio.app/www/index.html
2013-08-01 17:09:41.043 Moteio[51164:c07] Resetting plugins due to page load.
2013-08-01 17:09:41.510 Moteio[51164:c07] Finished load of: file:///Users/Jennings/Library/Application%20Support/iPhone%20Simulator/6.1/Applications/06A28E66-2F18-4CD8-96F1-923455FE0BED/Moteio.app/www/main.html
